C:\Users\devsys\Desktop\TANKS_INT\trunk\projects\win32\..\..\bin\win32\TANKS.exe
C:\USERS\DEVSYS\DESKTOP\TANKS_INT\TRUNK\PROJECTS\WIN32\DEBUG\BASEOBJECT.OBJ
C:\USERS\DEVSYS\DESKTOP\TANKS_INT\TRUNK\PROJECTS\WIN32\DEBUG\BOUNDINGBOX.OBJ
C:\USERS\DEVSYS\DESKTOP\TANKS_INT\TRUNK\PROJECTS\WIN32\DEBUG\BOUNDINGFRUSTUM.OBJ
C:\USERS\DEVSYS\DESKTOP\TANKS_INT\TRUNK\PROJECTS\WIN32\DEBUG\CAMERA.OBJ
C:\Users\devsys\Desktop\TANKS_INT\trunk\projects\win32\Debug\CL.1020.read.1.tlog
C:\Users\devsys\Desktop\TANKS_INT\trunk\projects\win32\Debug\CL.1020.write.1.tlog
C:\Users\devsys\Desktop\TANKS_INT\trunk\projects\win32\Debug\CL.1056.read.1.tlog
C:\Users\devsys\Desktop\TANKS_INT\trunk\projects\win32\Debug\CL.1056.write.1.tlog
C:\Users\devsys\Desktop\TANKS_INT\trunk\projects\win32\Debug\CL.1104.read.1.tlog
C:\Users\devsys\Desktop\TANKS_INT\trunk\projects\win32\Debug\CL.1104.write.1.tlog
C:\Users\devsys\Desktop\TANKS_INT\trunk\projects\win32\Debug\CL.1160.read.1.tlog
C:\Users\devsys\Desktop\TANKS_INT\trunk\projects\win32\Debug\CL.1160.write.1.tlog
C:\Users\devsys\Desktop\TANKS_INT\trunk\projects\win32\Debug\CL.1236.read.1.tlog
C:\Users\devsys\Desktop\TANKS_INT\trunk\projects\win32\Debug\CL.1236.write.1.tlog
C:\Users\devsys\Desktop\TANKS_INT\trunk\projects\win32\Debug\CL.1316.read.1.tlog
C:\Users\devsys\Desktop\TANKS_INT\trunk\projects\win32\Debug\CL.1316.write.1.tlog
C:\Users\devsys\Desktop\TANKS_INT\trunk\projects\win32\Debug\CL.1504.read.1.tlog
C:\Users\devsys\Desktop\TANKS_INT\trunk\projects\win32\Debug\CL.1504.write.1.tlog
C:\Users\devsys\Desktop\TANKS_INT\trunk\projects\win32\Debug\CL.1588.read.1.tlog
C:\Users\devsys\Desktop\TANKS_INT\trunk\projects\win32\Debug\CL.1644.read.1.tlog
C:\Users\devsys\Desktop\TANKS_INT\trunk\projects\win32\Debug\CL.1644.write.1.tlog
C:\Users\devsys\Desktop\TANKS_INT\trunk\projects\win32\Debug\CL.1744.read.1.tlog
C:\Users\devsys\Desktop\TANKS_INT\trunk\projects\win32\Debug\CL.1744.write.1.tlog
C:\Users\devsys\Desktop\TANKS_INT\trunk\projects\win32\Debug\CL.1836.read.1.tlog
C:\Users\devsys\Desktop\TANKS_INT\trunk\projects\win32\Debug\CL.1836.write.1.tlog
C:\Users\devsys\Desktop\TANKS_INT\trunk\projects\win32\Debug\CL.1852.read.1.tlog
C:\Users\devsys\Desktop\TANKS_INT\trunk\projects\win32\Debug\CL.1852.write.1.tlog
C:\Users\devsys\Desktop\TANKS_INT\trunk\projects\win32\Debug\CL.1988.read.1.tlog
C:\Users\devsys\Desktop\TANKS_INT\trunk\projects\win32\Debug\CL.1988.write.1.tlog
C:\Users\devsys\Desktop\TANKS_INT\trunk\projects\win32\Debug\CL.200.read.1.tlog
C:\Users\devsys\Desktop\TANKS_INT\trunk\projects\win32\Debug\CL.200.write.1.tlog
C:\Users\devsys\Desktop\TANKS_INT\trunk\projects\win32\Debug\CL.2296.read.1.tlog
C:\Users\devsys\Desktop\TANKS_INT\trunk\projects\win32\Debug\CL.2296.write.1.tlog
C:\Users\devsys\Desktop\TANKS_INT\trunk\projects\win32\Debug\CL.2472.read.1.tlog
C:\Users\devsys\Desktop\TANKS_INT\trunk\projects\win32\Debug\CL.2472.write.1.tlog
C:\Users\devsys\Desktop\TANKS_INT\trunk\projects\win32\Debug\CL.2924.read.1.tlog
C:\Users\devsys\Desktop\TANKS_INT\trunk\projects\win32\Debug\CL.2924.write.1.tlog
C:\Users\devsys\Desktop\TANKS_INT\trunk\projects\win32\Debug\CL.3064.read.1.tlog
C:\Users\devsys\Desktop\TANKS_INT\trunk\projects\win32\Debug\CL.3064.write.1.tlog
C:\Users\devsys\Desktop\TANKS_INT\trunk\projects\win32\Debug\CL.568.read.1.tlog
C:\Users\devsys\Desktop\TANKS_INT\trunk\projects\win32\Debug\CL.568.write.1.tlog
C:\Users\devsys\Desktop\TANKS_INT\trunk\projects\win32\Debug\cl.command.1.tlog
C:\Users\devsys\Desktop\TANKS_INT\trunk\projects\win32\Debug\CL.read.1.tlog
C:\Users\devsys\Desktop\TANKS_INT\trunk\projects\win32\Debug\cl.write.1.tlog
C:\USERS\DEVSYS\DESKTOP\TANKS_INT\TRUNK\PROJECTS\WIN32\DEBUG\COLOR.OBJ
C:\USERS\DEVSYS\DESKTOP\TANKS_INT\TRUNK\PROJECTS\WIN32\DEBUG\CRSPLINE.OBJ
C:\USERS\DEVSYS\DESKTOP\TANKS_INT\TRUNK\PROJECTS\WIN32\DEBUG\CUBE.OBJ
C:\USERS\DEVSYS\DESKTOP\TANKS_INT\TRUNK\PROJECTS\WIN32\DEBUG\DATABUFFER.OBJ
C:\USERS\DEVSYS\DESKTOP\TANKS_INT\TRUNK\PROJECTS\WIN32\DEBUG\GAMEOPTIONS.OBJ
C:\Users\devsys\Desktop\TANKS_INT\trunk\projects\win32\Debug\GLee.obj
C:\USERS\DEVSYS\DESKTOP\TANKS_INT\TRUNK\PROJECTS\WIN32\DEBUG\MAIN.OBJ
C:\USERS\DEVSYS\DESKTOP\TANKS_INT\TRUNK\PROJECTS\WIN32\DEBUG\MATRIX.OBJ
C:\USERS\DEVSYS\DESKTOP\TANKS_INT\TRUNK\PROJECTS\WIN32\DEBUG\MATRIXSTACK.OBJ
C:\USERS\DEVSYS\DESKTOP\TANKS_INT\TRUNK\PROJECTS\WIN32\DEBUG\PLANE.OBJ
C:\USERS\DEVSYS\DESKTOP\TANKS_INT\TRUNK\PROJECTS\WIN32\DEBUG\PLATFORM.OBJ
C:\USERS\DEVSYS\DESKTOP\TANKS_INT\TRUNK\PROJECTS\WIN32\DEBUG\QUATERNION.OBJ
C:\USERS\DEVSYS\DESKTOP\TANKS_INT\TRUNK\PROJECTS\WIN32\DEBUG\RENDERER.OBJ
C:\USERS\DEVSYS\DESKTOP\TANKS_INT\TRUNK\PROJECTS\WIN32\DEBUG\RMATH.OBJ
C:\USERS\DEVSYS\DESKTOP\TANKS_INT\TRUNK\PROJECTS\WIN32\DEBUG\RSTRING.OBJ
C:\USERS\DEVSYS\DESKTOP\TANKS_INT\TRUNK\PROJECTS\WIN32\DEBUG\SECURITY.OBJ
C:\USERS\DEVSYS\DESKTOP\TANKS_INT\TRUNK\PROJECTS\WIN32\DEBUG\TERAINMAP.OBJ
C:\USERS\DEVSYS\DESKTOP\TANKS_INT\TRUNK\PROJECTS\WIN32\DEBUG\TINYSTR.OBJ
C:\USERS\DEVSYS\DESKTOP\TANKS_INT\TRUNK\PROJECTS\WIN32\DEBUG\TINYXML.OBJ
C:\USERS\DEVSYS\DESKTOP\TANKS_INT\TRUNK\PROJECTS\WIN32\DEBUG\TINYXMLERROR.OBJ
C:\USERS\DEVSYS\DESKTOP\TANKS_INT\TRUNK\PROJECTS\WIN32\DEBUG\TINYXMLPARSER.OBJ
C:\USERS\DEVSYS\DESKTOP\TANKS_INT\TRUNK\PROJECTS\WIN32\DEBUG\TUT1.OBJ
C:\Users\devsys\Desktop\TANKS_INT\trunk\projects\win32\Debug\vc100.idb
C:\USERS\DEVSYS\DESKTOP\TANKS_INT\TRUNK\PROJECTS\WIN32\DEBUG\VC100.PDB
C:\USERS\DEVSYS\DESKTOP\TANKS_INT\TRUNK\PROJECTS\WIN32\DEBUG\VECTOR2.OBJ
C:\USERS\DEVSYS\DESKTOP\TANKS_INT\TRUNK\PROJECTS\WIN32\DEBUG\VECTOR3.OBJ
C:\USERS\DEVSYS\DESKTOP\TANKS_INT\TRUNK\PROJECTS\WIN32\DEBUG\WSTRING.OBJ
C:\Users\devsys\Desktop\TANKS_INT\trunk\projects\win32\Debug\zutil.obj
